<?xml version="1.0" encoding="UTF-8"?>
<testng-results ignored="0" total="1" passed="1" failed="0" skipped="0">
  <reporter-output>
  </reporter-output>
  <suite started-at="2025-10-07T19:28:52 IST" name="Default suite" finished-at="2025-10-07T19:29:14 IST" duration-ms="22628">
    <groups>
      <group name="cucumber">
        <method signature="AbstractTestNGCucumberTests.runScenario(io.cucumber.testng.PickleWrapper,io.cucumber.testng.FeatureWrapper)[pri:0, instance:runners.Testrunner@8c3b9d]" name="runScenario" class="io.cucumber.testng.AbstractTestNGCucumberTests"/>
      </group> <!-- cucumber -->
    </groups>
    <test started-at="2025-10-07T19:28:52 IST" name="Default test" finished-at="2025-10-07T19:29:14 IST" duration-ms="22628">
      <class name="runners.Testrunner">
        <test-method is-config="true" signature="setUpClass(org.testng.ITestContext)[pri:0, instance:runners.Testrunner@8c3b9d]" started-at="2025-10-07T19:28:52 IST" name="setUpClass" finished-at="2025-10-07T19:28:52 IST" duration-ms="442" status="PASS">
          <params>
            <param index="0">
              <value>
                <![CDATA[org.testng.TestRunner@46320c9a]]>
              </value>
            </param>
          </params>
          <reporter-output>
          </reporter-output>
        </test-method> <!-- setUpClass -->
        <test-method signature="runScenario(io.cucumber.testng.PickleWrapper,io.cucumber.testng.FeatureWrapper)[pri:0, instance:runners.Testrunner@8c3b9d]" started-at="2025-10-07T19:28:52 IST" name="runScenario" description="Runs Cucumber Scenarios" data-provider="scenarios" finished-at="2025-10-07T19:29:14 IST" duration-ms="22066" status="PASS">
          <params>
            <param index="0">
              <value>
                <![CDATA["Users login, validate product details from Excel, add to cart, and logout"]]>
              </value>
            </param>
            <param index="1">
              <value>
                <![CDATA["Verify Product Details and Add to Cart for Multiple Users"]]>
              </value>
            </param>
          </params>
          <reporter-output>
          </reporter-output>
        </test-method> <!-- runScenario -->
        <test-method is-config="true" signature="tearDownClass()[pri:0, instance:runners.Testrunner@8c3b9d]" started-at="2025-10-07T19:29:14 IST" name="tearDownClass" finished-at="2025-10-07T19:29:14 IST" duration-ms="81" status="PASS">
          <reporter-output>
          </reporter-output>
        </test-method> <!-- tearDownClass -->
      </class> <!-- runners.Testrunner -->
    </test> <!-- Default test -->
  </suite> <!-- Default suite -->
</testng-results>
